# JRE version: OpenJDK Runtime Environment Temurin-17.0.12+7 (17.0.12+7) (build 17.0.12+7)
# Java VM: OpenJDK 64-Bit Server VM Temurin-17.0.12+7 (17.0.12+7, mixed mode, tiered, compressed oops, compressed class ptrs, parallel gc, linux-amd64)
GC Precious Log:
 CPUs: 16 total, 16 available
 Memory: 15950M
 Large Page Support: Disabled
 NUMA Support: Disabled
 Compressed Oops: Enabled (32-bit)
 Alignments: Space 512K, Generation 512K, Heap 2M
 Heap Min Capacity: 100M
 Heap Initial Capacity: 100M
 Heap Max Capacity: 1G
 Pre-touch: Disabled
 Parallel Workers: 13
Heap:
 PSYoungGen      total 4096K, used 3647K [0x00000000eab00000, 0x00000000eb180000, 0x0000000100000000)
  eden space 2048K, 99% used [0x00000000eab00000,0x00000000eacfffe8,0x00000000ead00000)
  from space 2048K, 78% used [0x00000000ead00000,0x00000000eae90000,0x00000000eaf00000)
  to   space 2048K, 99% used [0x00000000eaf80000,0x00000000eb17be60,0x00000000eb180000)
 ParOldGen       total 70144K, used 69532K [0x00000000c0000000, 0x00000000c4480000, 0x00000000eab00000)
  object space 70144K, 99% used [0x00000000c0000000,0x00000000c43e7278,0x00000000c4480000)
 Metaspace       used 91666K, committed 92864K, reserved 1179648K
  class space    used 9654K, committed 10176K, reserved 1048576K
GC Heap History (20 events):
Event: 2575.958 GC heap after
{Heap after GC invocations=679 (full 23):
 PSYoungGen      total 2560K, used 512K [0x00000000eab00000, 0x00000000eaf00000, 0x0000000100000000)
  eden space 2048K, 0% used [0x00000000eab00000,0x00000000eab00000,0x00000000ead00000)
  from space 512K, 100% used [0x00000000eae00000,0x00000000eae80000,0x00000000eae80000)
  to   space 1024K, 0% used [0x00000000ead00000,0x00000000ead00000,0x00000000eae00000)
 ParOldGen       total 70144K, used 61099K [0x00000000c0000000, 0x00000000c4480000, 0x00000000eab00000)
  object space 70144K, 87% used [0x00000000c0000000,0x00000000c3baafa0,0x00000000c4480000)
 Metaspace       used 91652K, committed 92864K, reserved 1179648K
  class space    used 9654K, committed 10176K, reserved 1048576K
}
Event: 2577.010 GC heap before
{Heap before GC invocations=680 (full 23):
 PSYoungGen      total 2560K, used 2560K [0x00000000eab00000, 0x00000000eaf00000, 0x0000000100000000)
  eden space 2048K, 100% used [0x00000000eab00000,0x00000000ead00000,0x00000000ead00000)
  from space 512K, 100% used [0x00000000eae00000,0x00000000eae80000,0x00000000eae80000)
  to   space 1024K, 0% used [0x00000000ead00000,0x00000000ead00000,0x00000000eae00000)
 ParOldGen       total 70144K, used 61099K [0x00000000c0000000, 0x00000000c4480000, 0x00000000eab00000)
  object space 70144K, 87% used [0x00000000c0000000,0x00000000c3baafa0,0x00000000c4480000)
 Metaspace       used 91653K, committed 92864K, reserved 1179648K
  class space    used 9654K, committed 10176K, reserved 1048576K
}
Event: 2577.011 GC heap after
{Heap after GC invocations=680 (full 23):
 PSYoungGen      total 3072K, used 352K [0x00000000eab00000, 0x00000000eae80000, 0x0000000100000000)
  eden space 2048K, 0% used [0x00000000eab00000,0x00000000eab00000,0x00000000ead00000)
  from space 1024K, 34% used [0x00000000ead00000,0x00000000ead58000,0x00000000eae00000)
  to   space 512K, 0% used [0x00000000eae00000,0x00000000eae00000,0x00000000eae80000)
 ParOldGen       total 70144K, used 61147K [0x00000000c0000000, 0x00000000c4480000, 0x00000000eab00000)
  object space 70144K, 87% used [0x00000000c0000000,0x00000000c3bb6fa0,0x00000000c4480000)
 Metaspace       used 91653K, committed 92864K, reserved 1179648K
  class space    used 9654K, committed 10176K, reserved 1048576K
}
Event: 2577.316 GC heap before
{Heap before GC invocations=681 (full 23):
 PSYoungGen      total 3072K, used 2400K [0x00000000eab00000, 0x00000000eae80000, 0x0000000100000000)
  eden space 2048K, 100% used [0x00000000eab00000,0x00000000ead00000,0x00000000ead00000)
  from space 1024K, 34% used [0x00000000ead00000,0x00000000ead58000,0x00000000eae00000)
  to   space 512K, 0% used [0x00000000eae00000,0x00000000eae00000,0x00000000eae80000)
 ParOldGen       total 70144K, used 61147K [0x00000000c0000000, 0x00000000c4480000, 0x00000000eab00000)
  object space 70144K, 87% used [0x00000000c0000000,0x00000000c3bb6fa0,0x00000000c4480000)
 Metaspace       used 91655K, committed 92864K, reserved 1179648K
  class space    used 9654K, committed 10176K, reserved 1048576K
}
Event: 2577.318 GC heap after
{Heap after GC invocations=681 (full 23):
 PSYoungGen      total 2560K, used 496K [0x00000000eab00000, 0x00000000eaf00000, 0x0000000100000000)
  eden space 2048K, 0% used [0x00000000eab00000,0x00000000eab00000,0x00000000ead00000)
  from space 512K, 96% used [0x00000000eae00000,0x00000000eae7c030,0x00000000eae80000)
  to   space 1024K, 0% used [0x00000000ead00000,0x00000000ead00000,0x00000000eae00000)
 ParOldGen       total 70144K, used 61232K [0x00000000c0000000, 0x00000000c4480000, 0x00000000eab00000)
  object space 70144K, 87% used [0x00000000c0000000,0x00000000c3bcc218,0x00000000c4480000)
 Metaspace       used 91655K, committed 92864K, reserved 1179648K
  class space    used 9654K, committed 10176K, reserved 1048576K
}
Event: 2577.619 GC heap before
{Heap before GC invocations=682 (full 23):
 PSYoungGen      total 2560K, used 2544K [0x00000000eab00000, 0x00000000eaf00000, 0x0000000100000000)
  eden space 2048K, 100% used [0x00000000eab00000,0x00000000ead00000,0x00000000ead00000)
  from space 512K, 96% used [0x00000000eae00000,0x00000000eae7c030,0x00000000eae80000)
  to   space 1024K, 0% used [0x00000000ead00000,0x00000000ead00000,0x00000000eae00000)
 ParOldGen       total 70144K, used 61232K [0x00000000c0000000, 0x00000000c4480000, 0x00000000eab00000)
  object space 70144K, 87% used [0x00000000c0000000,0x00000000c3bcc218,0x00000000c4480000)
 Metaspace       used 91655K, committed 92864K, reserved 1179648K
  class space    used 9654K, committed 10176K, reserved 1048576K
}
Event: 2577.620 GC heap after
{Heap after GC invocations=682 (full 23):
 PSYoungGen      total 3072K, used 608K [0x00000000eab00000, 0x00000000eaf00000, 0x0000000100000000)
  eden space 2048K, 0% used [0x00000000eab00000,0x00000000eab00000,0x00000000ead00000)
  from space 1024K, 59% used [0x00000000ead00000,0x00000000ead98000,0x00000000eae00000)
  to   space 1024K, 0% used [0x00000000eae00000,0x00000000eae00000,0x00000000eaf00000)
 ParOldGen       total 70144K, used 61693K [0x00000000c0000000, 0x00000000c4480000, 0x00000000eab00000)
  object space 70144K, 87% used [0x00000000c0000000,0x00000000c3c3f6d8,0x00000000c4480000)
 Metaspace       used 91655K, committed 92864K, reserved 1179648K
  class space    used 9654K, committed 10176K, reserved 1048576K
}
Event: 2578.176 GC heap before
{Heap before GC invocations=683 (full 23):
 PSYoungGen      total 3072K, used 2651K [0x00000000eab00000, 0x00000000eaf00000, 0x0000000100000000)
  eden space 2048K, 99% used [0x00000000eab00000,0x00000000eacfee18,0x00000000ead00000)
  from space 1024K, 59% used [0x00000000ead00000,0x00000000ead98000,0x00000000eae00000)
  to   space 1024K, 0% used [0x00000000eae00000,0x00000000eae00000,0x00000000eaf00000)
 ParOldGen       total 70144K, used 61693K [0x00000000c0000000, 0x00000000c4480000, 0x00000000eab00000)
  object space 70144K, 87% used [0x00000000c0000000,0x00000000c3c3f6d8,0x00000000c4480000)
 Metaspace       used 91659K, committed 92864K, reserved 1179648K
  class space    used 9654K, committed 10176K, reserved 1048576K
}
Event: 2578.177 GC heap after
{Heap after GC invocations=683 (full 23):
 PSYoungGen      total 2560K, used 320K [0x00000000eab00000, 0x00000000eae80000, 0x0000000100000000)
  eden space 2048K, 0% used [0x00000000eab00000,0x00000000eab00000,0x00000000ead00000)
  from space 512K, 62% used [0x00000000eae00000,0x00000000eae50000,0x00000000eae80000)
  to   space 512K, 0% used [0x00000000ead80000,0x00000000ead80000,0x00000000eae00000)
 ParOldGen       total 70144K, used 61813K [0x00000000c0000000, 0x00000000c4480000, 0x00000000eab00000)
  object space 70144K, 88% used [0x00000000c0000000,0x00000000c3c5d6d8,0x00000000c4480000)
 Metaspace       used 91659K, committed 92864K, reserved 1179648K
  class space    used 9654K, committed 10176K, reserved 1048576K
}
Event: 2578.179 GC heap before
{Heap before GC invocations=684 (full 23):
 PSYoungGen      total 2560K, used 2368K [0x00000000eab00000, 0x00000000eae80000, 0x0000000100000000)
  eden space 2048K, 100% used [0x00000000eab00000,0x00000000ead00000,0x00000000ead00000)
  from space 512K, 62% used [0x00000000eae00000,0x00000000eae50000,0x00000000eae80000)
  to   space 512K, 0% used [0x00000000ead80000,0x00000000ead80000,0x00000000eae00000)
 ParOldGen       total 70144K, used 61813K [0x00000000c0000000, 0x00000000c4480000, 0x00000000eab00000)
  object space 70144K, 88% used [0x00000000c0000000,0x00000000c3c5d6d8,0x00000000c4480000)
 Metaspace       used 91660K, committed 92864K, reserved 1179648K
  class space    used 9654K, committed 10176K, reserved 1048576K
}
Event: 2578.180 GC heap after
{Heap after GC invocations=684 (full 23):
 PSYoungGen      total 2560K, used 512K [0x00000000eab00000, 0x00000000eb100000, 0x0000000100000000)
  eden space 2048K, 0% used [0x00000000eab00000,0x00000000eab00000,0x00000000ead00000)
  from space 512K, 100% used [0x00000000ead80000,0x00000000eae00000,0x00000000eae00000)
  to   space 2048K, 0% used [0x00000000eaf00000,0x00000000eaf00000,0x00000000eb100000)
 ParOldGen       total 70144K, used 63068K [0x00000000c0000000, 0x00000000c4480000, 0x00000000eab00000)
  object space 70144K, 89% used [0x00000000c0000000,0x00000000c3d97278,0x00000000c4480000)
 Metaspace       used 91660K, committed 92864K, reserved 1179648K
  class space    used 9654K, committed 10176K, reserved 1048576K
}
Event: 2578.183 GC heap before
{Heap before GC invocations=685 (full 23):
 PSYoungGen      total 2560K, used 2560K [0x00000000eab00000, 0x00000000eb100000, 0x0000000100000000)
  eden space 2048K, 100% used [0x00000000eab00000,0x00000000ead00000,0x00000000ead00000)
  from space 512K, 100% used [0x00000000ead80000,0x00000000eae00000,0x00000000eae00000)
  to   space 2048K, 0% used [0x00000000eaf00000,0x00000000eaf00000,0x00000000eb100000)
 ParOldGen       total 70144K, used 63068K [0x00000000c0000000, 0x00000000c4480000, 0x00000000eab00000)
  object space 70144K, 89% used [0x00000000c0000000,0x00000000c3d97278,0x00000000c4480000)
 Metaspace       used 91665K, committed 92864K, reserved 1179648K
  class space    used 9654K, committed 10176K, reserved 1048576K
}
Event: 2578.184 GC heap after
{Heap after GC invocations=685 (full 23):
 PSYoungGen      total 3584K, used 1984K [0x00000000eab00000, 0x00000000eb200000, 0x0000000100000000)
  eden space 1536K, 0% used [0x00000000eab00000,0x00000000eab00000,0x00000000eac80000)
  from space 2048K, 96% used [0x00000000eaf00000,0x00000000eb0f0000,0x00000000eb100000)
  to   space 2560K, 0% used [0x00000000eac80000,0x00000000eac80000,0x00000000eaf00000)
 ParOldGen       total 70144K, used 63548K [0x00000000c0000000, 0x00000000c4480000, 0x00000000eab00000)
  object space 70144K, 90% used [0x00000000c0000000,0x00000000c3e0f278,0x00000000c4480000)
 Metaspace       used 91665K, committed 92864K, reserved 1179648K
  class space    used 9654K, committed 10176K, reserved 1048576K
}
Event: 2578.186 GC heap before
{Heap before GC invocations=686 (full 23):
 PSYoungGen      total 3584K, used 3519K [0x00000000eab00000, 0x00000000eb200000, 0x0000000100000000)
  eden space 1536K, 99% used [0x00000000eab00000,0x00000000eac7ffe8,0x00000000eac80000)
  from space 2048K, 96% used [0x00000000eaf00000,0x00000000eb0f0000,0x00000000eb100000)
  to   space 2560K, 0% used [0x00000000eac80000,0x00000000eac80000,0x00000000eaf00000)
 ParOldGen       total 70144K, used 63548K [0x00000000c0000000, 0x00000000c4480000, 0x00000000eab00000)
  object space 70144K, 90% used [0x00000000c0000000,0x00000000c3e0f278,0x00000000c4480000)
 Metaspace       used 91666K, committed 92864K, reserved 1179648K
  class space    used 9654K, committed 10176K, reserved 1048576K
}
Event: 2578.187 GC heap after
{Heap after GC invocations=686 (full 23):
 PSYoungGen      total 4096K, used 1696K [0x00000000eab00000, 0x00000000eb100000, 0x0000000100000000)
  eden space 1536K, 0% used [0x00000000eab00000,0x00000000eab00000,0x00000000eac80000)
  from space 2560K, 66% used [0x00000000eac80000,0x00000000eae28000,0x00000000eaf00000)
  to   space 2048K, 0% used [0x00000000eaf00000,0x00000000eaf00000,0x00000000eb100000)
 ParOldGen       total 70144K, used 65396K [0x00000000c0000000, 0x00000000c4480000, 0x00000000eab00000)
  object space 70144K, 93% used [0x00000000c0000000,0x00000000c3fdd278,0x00000000c4480000)
 Metaspace       used 91666K, committed 92864K, reserved 1179648K
  class space    used 9654K, committed 10176K, reserved 1048576K
}
Event: 2578.189 GC heap before
{Heap before GC invocations=687 (full 23):
 PSYoungGen      total 4096K, used 3232K [0x00000000eab00000, 0x00000000eb100000, 0x0000000100000000)
  eden space 1536K, 100% used [0x00000000eab00000,0x00000000eac80000,0x00000000eac80000)
  from space 2560K, 66% used [0x00000000eac80000,0x00000000eae28000,0x00000000eaf00000)
  to   space 2048K, 0% used [0x00000000eaf00000,0x00000000eaf00000,0x00000000eb100000)
 ParOldGen       total 70144K, used 65396K [0x00000000c0000000, 0x00000000c4480000, 0x00000000eab00000)
  object space 70144K, 93% used [0x00000000c0000000,0x00000000c3fdd278,0x00000000c4480000)
 Metaspace       used 91666K, committed 92864K, reserved 1179648K
  class space    used 9654K, committed 10176K, reserved 1048576K
}
Event: 2578.191 GC heap after
{Heap after GC invocations=687 (full 23):
 PSYoungGen      total 4096K, used 1728K [0x00000000eab00000, 0x00000000eb100000, 0x0000000100000000)
  eden space 2048K, 0% used [0x00000000eab00000,0x00000000eab00000,0x00000000ead00000)
  from space 2048K, 84% used [0x00000000eaf00000,0x00000000eb0b0000,0x00000000eb100000)
  to   space 2048K, 0% used [0x00000000ead00000,0x00000000ead00000,0x00000000eaf00000)
 ParOldGen       total 70144K, used 66956K [0x00000000c0000000, 0x00000000c4480000, 0x00000000eab00000)
  object space 70144K, 95% used [0x00000000c0000000,0x00000000c4163278,0x00000000c4480000)
 Metaspace       used 91666K, committed 92864K, reserved 1179648K
  class space    used 9654K, committed 10176K, reserved 1048576K
}
Event: 2578.197 GC heap before
{Heap before GC invocations=688 (full 23):
 PSYoungGen      total 4096K, used 3575K [0x00000000eab00000, 0x00000000eb100000, 0x0000000100000000)
  eden space 2048K, 90% used [0x00000000eab00000,0x00000000eaccdff8,0x00000000ead00000)
  from space 2048K, 84% used [0x00000000eaf00000,0x00000000eb0b0000,0x00000000eb100000)
  to   space 2048K, 0% used [0x00000000ead00000,0x00000000ead00000,0x00000000eaf00000)
 ParOldGen       total 70144K, used 66956K [0x00000000c0000000, 0x00000000c4480000, 0x00000000eab00000)
  object space 70144K, 95% used [0x00000000c0000000,0x00000000c4163278,0x00000000c4480000)
 Metaspace       used 91666K, committed 92864K, reserved 1179648K
  class space    used 9654K, committed 10176K, reserved 1048576K
}
Event: 2578.198 GC heap after
{Heap after GC invocations=688 (full 23):
 PSYoungGen      total 4096K, used 1600K [0x00000000eab00000, 0x00000000eb180000, 0x0000000100000000)
  eden space 2048K, 0% used [0x00000000eab00000,0x00000000eab00000,0x00000000ead00000)
  from space 2048K, 78% used [0x00000000ead00000,0x00000000eae90000,0x00000000eaf00000)
  to   space 2048K, 0% used [0x00000000eaf80000,0x00000000eaf80000,0x00000000eb180000)
 ParOldGen       total 70144K, used 68524K [0x00000000c0000000, 0x00000000c4480000, 0x00000000eab00000)
  object space 70144K, 97% used [0x00000000c0000000,0x00000000c42eb278,0x00000000c4480000)
 Metaspace       used 91666K, committed 92864K, reserved 1179648K
  class space    used 9654K, committed 10176K, reserved 1048576K
}
Event: 2578.212 GC heap before
{Heap before GC invocations=689 (full 23):
 PSYoungGen      total 4096K, used 3647K [0x00000000eab00000, 0x00000000eb180000, 0x0000000100000000)
  eden space 2048K, 99% used [0x00000000eab00000,0x00000000eacfffe8,0x00000000ead00000)
  from space 2048K, 78% used [0x00000000ead00000,0x00000000eae90000,0x00000000eaf00000)
  to   space 2048K, 0% used [0x00000000eaf80000,0x00000000eaf80000,0x00000000eb180000)
 ParOldGen       total 70144K, used 68524K [0x00000000c0000000, 0x00000000c4480000, 0x00000000eab00000)
  object space 70144K, 97% used [0x00000000c0000000,0x00000000c42eb278,0x00000000c4480000)
 Metaspace       used 91666K, committed 92864K, reserved 1179648K
  class space    used 9654K, committed 10176K, reserved 1048576K
}

