<?xml version="1.0" encoding="UTF-8"?>
<testsuite xmlns:xsi="http://www.w3.org/2001/XMLSchema-instance" xsi:noNamespaceSchemaLocation="https://maven.apache.org/surefire/maven-surefire-plugin/xsd/surefire-test-report.xsd" version="3.0.2" name="AnalysisTimeTest" time="0.007" tests="3" errors="1" skipped="0" failures="1">
  <properties>
[...]
</properties>
  <testcase name="basicTest" classname="AnalysisTimeTest" time="0.0"/>
  <testcase name="getStopExceptionTest" classname="AnalysisTimeTest" time="0.002">
    <failure message="Expected java.lang.RuntimeException to be thrown, but nothing was thrown." type="org.opentest4j.AssertionFailedError"><![CDATA[org.opentest4j.AssertionFailedError: Expected java.lang.RuntimeException to be thrown, but nothing was thrown.
	at org.junit.jupiter.api.AssertionFailureBuilder.build(AssertionFailureBuilder.java:152)
	at org.junit.jupiter.api.AssertThrows.assertThrows(AssertThrows.java:73)
	at org.junit.jupiter.api.AssertThrows.assertThrows(AssertThrows.java:35)
	at org.junit.jupiter.api.Assertions.assertThrows(Assertions.java:3128)
	at AnalysisTimeTest.getStopExceptionTest(AnalysisTimeTest.java:27)
	at java.base/java.lang.reflect.Method.invoke(Method.java:580)
	at java.base/java.util.ArrayList.forEach(ArrayList.java:1596)
	at java.base/java.util.ArrayList.forEach(ArrayList.java:1596)
]]></failure>
  </testcase>
  <testcase name="getDurationTest" classname="AnalysisTimeTest" time="0.002">
    <error message="Can&apos;t get timestamp of active timer" type="java.lang.RuntimeException"><![CDATA[java.lang.RuntimeException: Can't get timestamp of active timer
	at eda.TimerJoda.timestamp(TimerJoda.java:43)
	at eda.TimerJoda.getElapsedTime(TimerJoda.java:49)
	at AnalysisTimeTest.getDurationTest(AnalysisTimeTest.java:20)
	at java.base/java.lang.reflect.Method.invoke(Method.java:580)
	at java.base/java.util.ArrayList.forEach(ArrayList.java:1596)
	at java.base/java.util.ArrayList.forEach(ArrayList.java:1596)
]]></error>
  </testcase>
</testsuite>