<?xml version="1.0" encoding="UTF-8"?>
<testsuite xmlns:xsi="http://www.w3.org/2001/XMLSchema-instance" xsi:noNamespaceSchemaLocation="https://maven.apache.org/surefire/maven-surefire-plugin/xsd/surefire-test-report.xsd" name="TestTimer" time="0.044" tests="8" errors="0" skipped="0" failures="0">
  <properties>
[...]
</properties>
  <testcase name="TestMinutes" classname="TestTimer" time="0.017"/>
  <testcase name="TestDays" classname="TestTimer" time="0.002"/>
  <testcase name="TestZero" classname="TestTimer" time="0.001"/>
  <testcase name="TestSeconds" classname="TestTimer" time="0.001"/>
  <testcase name="TestMillis" classname="TestTimer" time="0.001"/>
  <testcase name="TestComplete" classname="TestTimer" time="0.001"/>
  <testcase name="TestHours" classname="TestTimer" time="0.002"/>
  <testcase name="TestNoParams" classname="TestTimer" time="0.002"/>
</testsuite>